<?xml version="1.0" encoding="UTF-8"?>
<testng-results ignored="0" total="2" passed="2" failed="0" skipped="0">
  <reporter-output>
  </reporter-output>
  <suite started-at="2026-08-20T12:55:09 IST" name="Suite" finished-at="2026-08-20T12:55:38 IST" duration-ms="28826">
    <groups>
      <group name="cucumber">
        <method signature="AbstractTestNGCucumberTests.runScenario(io.cucumber.testng.PickleWrapper,io.cucumber.testng.FeatureWrapper)[pri:0, instance:runner.Runner@72ade7e3]" name="runScenario" class="io.cucumber.testng.AbstractTestNGCucumberTests"/>
      </group> <!-- cucumber -->
    </groups>
    <test started-at="2026-08-20T12:55:09 IST" name="Test" finished-at="2026-08-20T12:55:38 IST" duration-ms="28826">
      <class name="runner.Runner">
        <test-method is-config="true" signature="setUpClass(org.testng.ITestContext)[pri:0, instance:runner.Runner@72ade7e3]" started-at="2026-08-20T12:55:09 IST" name="setUpClass" finished-at="2026-08-20T12:55:09 IST" duration-ms="214" status="PASS">
          <params>
            <param index="0">
              <value>
                <![CDATA[org.testng.TestRunner@77f905e3]]>
              </value>
            </param>
          </params>
          <reporter-output>
          </reporter-output>
        </test-method> <!-- setUpClass -->
        <test-method signature="runScenario(io.cucumber.testng.PickleWrapper,io.cucumber.testng.FeatureWrapper)[pri:0, instance:runner.Runner@72ade7e3]" started-at="2026-08-20T12:55:09 IST" name="runScenario" description="Runs Cucumber Scenarios" data-provider="scenarios" finished-at="2026-08-20T12:55:24 IST" duration-ms="14965" status="PASS">
          <params>
            <param index="0">
              <value>
                <![CDATA["Search for a product using a valid product name"]]>
              </value>
            </param>
            <param index="1">
              <value>
                <![CDATA["Search Product with Valid Product Name"]]>
              </value>
            </param>
          </params>
          <reporter-output>
          </reporter-output>
        </test-method> <!-- runScenario -->
        <test-method signature="runScenario(io.cucumber.testng.PickleWrapper,io.cucumber.testng.FeatureWrapper)[pri:0, instance:runner.Runner@72ade7e3]" started-at="2026-08-20T12:55:24 IST" name="runScenario" description="Runs Cucumber Scenarios" data-provider="scenarios" finished-at="2026-08-20T12:55:38 IST" duration-ms="13566" status="PASS">
          <params>
            <param index="0">
              <value>
                <![CDATA["Search for a product using a Exact Product Name"]]>
              </value>
            </param>
            <param index="1">
              <value>
                <![CDATA["Search Product with Valid Product Name"]]>
              </value>
            </param>
          </params>
          <reporter-output>
          </reporter-output>
        </test-method> <!-- runScenario -->
        <test-method is-config="true" signature="tearDownClass()[pri:0, instance:runner.Runner@72ade7e3]" started-at="2026-08-20T12:55:38 IST" name="tearDownClass" finished-at="2026-08-20T12:55:38 IST" duration-ms="6" status="PASS">
          <reporter-output>
          </reporter-output>
        </test-method> <!-- tearDownClass -->
      </class> <!-- runner.Runner -->
    </test> <!-- Test -->
  </suite> <!-- Suite -->
</testng-results>
