<?xml version="1.0" encoding="UTF-8"?>
<testng-results ignored="0" total="12" passed="12" failed="0" skipped="0">
  <reporter-output>
  </reporter-output>
  <suite started-at="2026-09-04T11:05:21 IST" name="Suite" finished-at="2026-09-04T11:09:09 IST" duration-ms="228054">
    <groups>
      <group name="cucumber">
        <method signature="AbstractTestNGCucumberTests.runScenario(io.cucumber.testng.PickleWrapper,io.cucumber.testng.FeatureWrapper)[pri:0, instance:runner.Runner@72ade7e3]" name="runScenario" class="io.cucumber.testng.AbstractTestNGCucumberTests"/>
      </group> <!-- cucumber -->
    </groups>
    <test started-at="2026-09-04T11:05:21 IST" name="Test" finished-at="2026-09-04T11:09:09 IST" duration-ms="228054">
      <class name="runner.Runner">
        <test-method is-config="true" signature="setUpClass(org.testng.ITestContext)[pri:0, instance:runner.Runner@72ade7e3]" started-at="2026-09-04T11:05:21 IST" name="setUpClass" finished-at="2026-09-04T11:05:22 IST" duration-ms="742" status="PASS">
          <params>
            <param index="0">
              <value>
                <![CDATA[org.testng.TestRunner@4f6f416f]]>
              </value>
            </param>
          </params>
          <reporter-output>
          </reporter-output>
        </test-method> <!-- setUpClass -->
        <test-method signature="runScenario(io.cucumber.testng.PickleWrapper,io.cucumber.testng.FeatureWrapper)[pri:0, instance:runner.Runner@72ade7e3]" started-at="2026-09-04T11:05:22 IST" name="runScenario" description="Runs Cucumber Scenarios" data-provider="scenarios" finished-at="2026-09-04T11:05:42 IST" duration-ms="20759" status="PASS">
          <params>
            <param index="0">
              <value>
                <![CDATA["1. Search for a product using a valid product name"]]>
              </value>
            </param>
            <param index="1">
              <value>
                <![CDATA["Search Product With Input"]]>
              </value>
            </param>
          </params>
          <reporter-output>
          </reporter-output>
        </test-method> <!-- runScenario -->
        <test-method signature="runScenario(io.cucumber.testng.PickleWrapper,io.cucumber.testng.FeatureWrapper)[pri:0, instance:runner.Runner@72ade7e3]" started-at="2026-09-04T11:05:42 IST" name="runScenario" description="Runs Cucumber Scenarios" data-provider="scenarios" finished-at="2026-09-04T11:06:02 IST" duration-ms="19034" status="PASS">
          <params>
            <param index="0">
              <value>
                <![CDATA["2. Search for a product using a Exact Product Name"]]>
              </value>
            </param>
            <param index="1">
              <value>
                <![CDATA["Search Product With Input"]]>
              </value>
            </param>
          </params>
          <reporter-output>
          </reporter-output>
        </test-method> <!-- runScenario -->
        <test-method signature="runScenario(io.cucumber.testng.PickleWrapper,io.cucumber.testng.FeatureWrapper)[pri:0, instance:runner.Runner@72ade7e3]" started-at="2026-09-04T11:06:02 IST" name="runScenario" description="Runs Cucumber Scenarios" data-provider="scenarios" finished-at="2026-09-04T11:06:20 IST" duration-ms="18228" status="PASS">
          <params>
            <param index="0">
              <value>
                <![CDATA["3. Search for a product using a SKUNumber"]]>
              </value>
            </param>
            <param index="1">
              <value>
                <![CDATA["Search Product With Input"]]>
              </value>
            </param>
          </params>
          <reporter-output>
          </reporter-output>
        </test-method> <!-- runScenario -->
        <test-method signature="runScenario(io.cucumber.testng.PickleWrapper,io.cucumber.testng.FeatureWrapper)[pri:0, instance:runner.Runner@72ade7e3]" started-at="2026-09-04T11:06:20 IST" name="runScenario" description="Runs Cucumber Scenarios" data-provider="scenarios" finished-at="2026-09-04T11:06:34 IST" duration-ms="13873" status="PASS">
          <params>
            <param index="0">
              <value>
                <![CDATA["4. Search for a product using a Partial Product Name"]]>
              </value>
            </param>
            <param index="1">
              <value>
                <![CDATA["Search Product With Input"]]>
              </value>
            </param>
          </params>
          <reporter-output>
          </reporter-output>
        </test-method> <!-- runScenario -->
        <test-method signature="runScenario(io.cucumber.testng.PickleWrapper,io.cucumber.testng.FeatureWrapper)[pri:0, instance:runner.Runner@72ade7e3]" started-at="2026-09-04T11:06:34 IST" name="runScenario" description="Runs Cucumber Scenarios" data-provider="scenarios" finished-at="2026-09-04T11:06:52 IST" duration-ms="18117" status="PASS">
          <params>
            <param index="0">
              <value>
                <![CDATA["5. Search for a product using a BrandName"]]>
              </value>
            </param>
            <param index="1">
              <value>
                <![CDATA["Search Product With Input"]]>
              </value>
            </param>
          </params>
          <reporter-output>
          </reporter-output>
        </test-method> <!-- runScenario -->
        <test-method signature="runScenario(io.cucumber.testng.PickleWrapper,io.cucumber.testng.FeatureWrapper)[pri:0, instance:runner.Runner@72ade7e3]" started-at="2026-09-04T11:06:52 IST" name="runScenario" description="Runs Cucumber Scenarios" data-provider="scenarios" finished-at="2026-09-04T11:07:09 IST" duration-ms="17706" status="PASS">
          <params>
            <param index="0">
              <value>
                <![CDATA["6. Search for a product using a LowerCaseProductName"]]>
              </value>
            </param>
            <param index="1">
              <value>
                <![CDATA["Search Product With Input"]]>
              </value>
            </param>
          </params>
          <reporter-output>
          </reporter-output>
        </test-method> <!-- runScenario -->
        <test-method signature="runScenario(io.cucumber.testng.PickleWrapper,io.cucumber.testng.FeatureWrapper)[pri:0, instance:runner.Runner@72ade7e3]" started-at="2026-09-04T11:07:09 IST" name="runScenario" description="Runs Cucumber Scenarios" data-provider="scenarios" finished-at="2026-09-04T11:07:29 IST" duration-ms="19961" status="PASS">
          <params>
            <param index="0">
              <value>
                <![CDATA["7. Search for a product using a UpperCaseProductName"]]>
              </value>
            </param>
            <param index="1">
              <value>
                <![CDATA["Search Product With Input"]]>
              </value>
            </param>
          </params>
          <reporter-output>
          </reporter-output>
        </test-method> <!-- runScenario -->
        <test-method signature="runScenario(io.cucumber.testng.PickleWrapper,io.cucumber.testng.FeatureWrapper)[pri:0, instance:runner.Runner@72ade7e3]" started-at="2026-09-04T11:07:29 IST" name="runScenario" description="Runs Cucumber Scenarios" data-provider="scenarios" finished-at="2026-09-04T11:07:51 IST" duration-ms="21412" status="PASS">
          <params>
            <param index="0">
              <value>
                <![CDATA["8. Search for a product using a MixcaseProductName"]]>
              </value>
            </param>
            <param index="1">
              <value>
                <![CDATA["Search Product With Input"]]>
              </value>
            </param>
          </params>
          <reporter-output>
          </reporter-output>
        </test-method> <!-- runScenario -->
        <test-method signature="runScenario(io.cucumber.testng.PickleWrapper,io.cucumber.testng.FeatureWrapper)[pri:0, instance:runner.Runner@72ade7e3]" started-at="2026-09-04T11:07:51 IST" name="runScenario" description="Runs Cucumber Scenarios" data-provider="scenarios" finished-at="2026-09-04T11:08:10 IST" duration-ms="19410" status="PASS">
          <params>
            <param index="0">
              <value>
                <![CDATA["9. Search for a product using a SpecialCharacterProductName"]]>
              </value>
            </param>
            <param index="1">
              <value>
                <![CDATA["Search Product With Input"]]>
              </value>
            </param>
          </params>
          <reporter-output>
          </reporter-output>
        </test-method> <!-- runScenario -->
        <test-method signature="runScenario(io.cucumber.testng.PickleWrapper,io.cucumber.testng.FeatureWrapper)[pri:0, instance:runner.Runner@72ade7e3]" started-at="2026-09-04T11:08:10 IST" name="runScenario" description="Runs Cucumber Scenarios" data-provider="scenarios" finished-at="2026-09-04T11:08:32 IST" duration-ms="21450" status="PASS">
          <params>
            <param index="0">
              <value>
                <![CDATA["10. Search for a product using a DiscontinuedProductName"]]>
              </value>
            </param>
            <param index="1">
              <value>
                <![CDATA["Search Product With Input"]]>
              </value>
            </param>
          </params>
          <reporter-output>
          </reporter-output>
        </test-method> <!-- runScenario -->
        <test-method signature="runScenario(io.cucumber.testng.PickleWrapper,io.cucumber.testng.FeatureWrapper)[pri:0, instance:runner.Runner@72ade7e3]" started-at="2026-09-04T11:08:32 IST" name="runScenario" description="Runs Cucumber Scenarios" data-provider="scenarios" finished-at="2026-09-04T11:08:51 IST" duration-ms="19180" status="PASS">
          <params>
            <param index="0">
              <value>
                <![CDATA["11. Search for a product using a DiscontinuedProductSku"]]>
              </value>
            </param>
            <param index="1">
              <value>
                <![CDATA["Search Product With Input"]]>
              </value>
            </param>
          </params>
          <reporter-output>
          </reporter-output>
        </test-method> <!-- runScenario -->
        <test-method signature="runScenario(io.cucumber.testng.PickleWrapper,io.cucumber.testng.FeatureWrapper)[pri:0, instance:runner.Runner@72ade7e3]" started-at="2026-09-04T11:08:51 IST" name="runScenario" description="Runs Cucumber Scenarios" data-provider="scenarios" finished-at="2026-09-04T11:09:09 IST" duration-ms="17967" status="PASS">
          <params>
            <param index="0">
              <value>
                <![CDATA["12. Search for a product using a InvalidProductName"]]>
              </value>
            </param>
            <param index="1">
              <value>
                <![CDATA["Search Product With Input"]]>
              </value>
            </param>
          </params>
          <reporter-output>
          </reporter-output>
        </test-method> <!-- runScenario -->
        <test-method is-config="true" signature="tearDownClass()[pri:0, instance:runner.Runner@72ade7e3]" started-at="2026-09-04T11:09:09 IST" name="tearDownClass" finished-at="2026-09-04T11:09:09 IST" duration-ms="116" status="PASS">
          <reporter-output>
          </reporter-output>
        </test-method> <!-- tearDownClass -->
      </class> <!-- runner.Runner -->
    </test> <!-- Test -->
  </suite> <!-- Suite -->
</testng-results>
