<?xml version="1.0" encoding="UTF-8"?>
<!-- Generated by org.testng.reporters.JUnitReportReporter -->
<testsuite hostname="BWIT0222" failures="0" tests="12" name="runner.Runner" time="227.097" errors="0" timestamp="2026-09-04T11:09:10 IST" skipped="0">
  <testcase classname="runner.Runner" name="runScenario" time="13.873"/>
  <testcase classname="runner.Runner" name="runScenario" time="19.961"/>
  <testcase classname="runner.Runner" name="runScenario" time="19.410"/>
  <testcase classname="runner.Runner" name="runScenario" time="21.450"/>
  <testcase classname="runner.Runner" name="runScenario" time="17.706"/>
  <testcase classname="runner.Runner" name="runScenario" time="19.034"/>
  <testcase classname="runner.Runner" name="runScenario" time="18.117"/>
  <testcase classname="runner.Runner" name="runScenario" time="21.412"/>
  <testcase classname="runner.Runner" name="runScenario" time="18.228"/>
  <testcase classname="runner.Runner" name="runScenario" time="20.759"/>
  <testcase classname="runner.Runner" name="runScenario" time="17.967"/>
  <testcase classname="runner.Runner" name="runScenario" time="19.180"/>
</testsuite> <!-- runner.Runner -->
