<?xml version="1.0" encoding="UTF-8"?>
<!-- Generated by org.testng.reporters.JUnitReportReporter -->
<testsuite hostname="BWIT0222" failures="0" tests="12" name="runner.Runner" time="223.827" errors="0" timestamp="2026-09-03T14:04:17 IST" skipped="0">
  <testcase classname="runner.Runner" name="runScenario" time="17.227"/>
  <testcase classname="runner.Runner" name="runScenario" time="18.466"/>
  <testcase classname="runner.Runner" name="runScenario" time="13.567"/>
  <testcase classname="runner.Runner" name="runScenario" time="17.136"/>
  <testcase classname="runner.Runner" name="runScenario" time="17.061"/>
  <testcase classname="runner.Runner" name="runScenario" time="22.732"/>
  <testcase classname="runner.Runner" name="runScenario" time="18.650"/>
  <testcase classname="runner.Runner" name="runScenario" time="25.720"/>
  <testcase classname="runner.Runner" name="runScenario" time="19.648"/>
  <testcase classname="runner.Runner" name="runScenario" time="16.515"/>
  <testcase classname="runner.Runner" name="runScenario" time="17.556"/>
  <testcase classname="runner.Runner" name="runScenario" time="19.549"/>
</testsuite> <!-- runner.Runner -->
